#    1 | steps:    28 | steps_t: 23473 | t: 1.451723 | r:  -516.000000 | e:   0.100000 | Q:   1.806445 | won: False 
#    2 | steps:    62 | steps_t: 23473 | t: 1.496625 | r:    78.000000 | e:   0.100000 | Q: -36.204693 | won: True 
#    3 | steps:   125 | steps_t: 23473 | t: 1.584258 | r:  -551.000000 | e:   0.100000 | Q:  14.750701 | won: False 
#    4 | steps:   148 | steps_t: 23473 | t: 1.612873 | r:  -522.000000 | e:   0.100000 | Q: -64.224106 | won: False 
#    5 | steps:   182 | steps_t: 23473 | t: 1.657783 | r:    78.000000 | e:   0.100000 | Q: -53.188736 | won: True 
#    6 | steps:   208 | steps_t: 23473 | t: 1.692056 | r:  -514.000000 | e:   0.100000 | Q: -53.188736 | won: False 
#    7 | steps:   221 | steps_t: 23473 | t: 1.708186 | r:  -512.000000 | e:   0.100000 | Q: -53.188736 | won: False 
#    8 | steps:   245 | steps_t: 23473 | t: 1.735833 | r:  -512.000000 | e:   0.100000 | Q: -53.188736 | won: False 
#    9 | steps:   265 | steps_t: 23473 | t: 1.759161 | r:  -508.000000 | e:   0.100000 | Q: -14.403096 | won: False 
#   10 | steps:   295 | steps_t: 23473 | t: 1.797557 | r:    82.000000 | e:   0.100000 | Q: -38.179100 | won: True 
#   11 | steps:   342 | steps_t: 23473 | t: 7.690595 | r:  -524.000000 | e:   0.100000 | Q:  14.750701 | won: False 
#   12 | steps:   388 | steps_t: 23473 | t: 14.346659 | r:  -534.000000 | e:   0.100000 | Q:  14.750701 | won: False 
#   13 | steps:   420 | steps_t: 23473 | t: 19.282073 | r:  -520.000000 | e:   0.100000 | Q: -28.712864 | won: False 
#   14 | steps:   460 | steps_t: 23473 | t: 25.177441 | r:  -528.000000 | e:   0.100000 | Q: -36.204693 | won: False 
#   15 | steps:   480 | steps_t: 23473 | t: 28.643482 | r:  -519.000000 | e:   0.100000 | Q: -73.870331 | won: False 
#   16 | steps:   504 | steps_t: 23473 | t: 32.592965 | r:  -512.000000 | e:   0.100000 | Q:  -7.992436 | won: False 
#   17 | steps:   528 | steps_t: 23473 | t: 36.554636 | r:  -512.000000 | e:   0.100000 | Q: -53.188736 | won: False 
#   18 | steps:   538 | steps_t: 23473 | t: 38.764780 | r:  -509.000000 | e:   0.100000 | Q: -53.188736 | won: False 
#   19 | steps:   610 | steps_t: 23473 | t: 48.707966 | r:  -560.000000 | e:   0.100000 | Q:   4.561041 | won: False 
#   20 | steps:   655 | steps_t: 23473 | t: 55.261900 | r:    67.000000 | e:   0.100000 | Q: -64.224106 | won: True 
#   21 | steps:   685 | steps_t: 23473 | t: 59.965482 | r:    82.000000 | e:   0.100000 | Q: -36.204693 | won: True 
#   22 | steps:   705 | steps_t: 23473 | t: 63.495207 | r:  -508.000000 | e:   0.100000 | Q: -53.188736 | won: False 
#   23 | steps:   745 | steps_t: 23473 | t: 69.443084 | r:  -528.000000 | e:   0.100000 | Q:   7.963009 | won: False 
#   24 | steps:   770 | steps_t: 23473 | t: 73.508399 | r:  -513.000000 | e:   0.100000 | Q: -38.179100 | won: False 
#   25 | steps:   802 | steps_t: 23473 | t: 78.436656 | r:  -520.000000 | e:   0.100000 | Q: -53.188736 | won: False 
#   26 | steps:   824 | steps_t: 23473 | t: 82.163649 | r:  -510.000000 | e:   0.100000 | Q: -64.556351 | won: False 
#   27 | steps:   848 | steps_t: 23473 | t: 86.142992 | r:  -523.000000 | e:   0.100000 | Q: -64.224106 | won: False 
#   28 | steps:   883 | steps_t: 23473 | t: 91.458189 | r:  -523.000000 | e:   0.100000 | Q:   1.806445 | won: False 
#   29 | steps:   929 | steps_t: 23473 | t: 98.141720 | r:    66.000000 | e:   0.100000 | Q:   7.963009 | won: True 
#   30 | steps:   957 | steps_t: 23473 | t: 102.535928 | r:  -516.000000 | e:   0.100000 | Q: -38.179100 | won: False 
#   31 | steps:   983 | steps_t: 23473 | t: 106.666753 | r:  -514.000000 | e:   0.100000 | Q:   1.806445 | won: False 
#   32 | steps:   993 | steps_t: 23473 | t: 108.860579 | r:  -509.000000 | e:   0.100000 | Q: -53.188736 | won: False 
#   33 | steps:  1001 | steps_t: 23473 | t: 110.794484 | r:  -507.000000 | e:   0.100000 | Q: -64.224106 | won: False 
#   34 | steps:  1027 | steps_t: 23473 | t: 114.923723 | r:  -514.000000 | e:   0.100000 | Q:  -7.992436 | won: False 
#   35 | steps:  1060 | steps_t: 23473 | t: 119.963020 | r:  -521.000000 | e:   0.100000 | Q: -53.188736 | won: False 
#   36 | steps:  1092 | steps_t: 23473 | t: 124.790205 | r:  -520.000000 | e:   0.100000 | Q:   1.806445 | won: False 
#   37 | steps:  1114 | steps_t: 23473 | t: 128.448561 | r:  -510.000000 | e:   0.100000 | Q: -38.179100 | won: False 
#   38 | steps:  1148 | steps_t: 23473 | t: 133.485841 | r:    78.000000 | e:   0.100000 | Q: -36.204693 | won: True 
#   39 | steps:  1190 | steps_t: 23473 | t: 139.603341 | r:    70.000000 | e:   0.100000 | Q: -36.204693 | won: True 
#   40 | steps:  1224 | steps_t: 23473 | t: 144.732484 | r:    78.000000 | e:   0.100000 | Q: -36.204693 | won: True 
#   41 | steps:  1270 | steps_t: 23473 | t: 151.207191 | r:  -545.000000 | e:   0.100000 | Q:  14.750701 | won: False 
#   42 | steps:  1287 | steps_t: 23473 | t: 154.299428 | r:  -516.000000 | e:   0.100000 | Q: -53.188736 | won: False 
#   43 | steps:  1316 | steps_t: 23473 | t: 158.896926 | r:  -517.000000 | e:   0.100000 | Q:   1.806445 | won: False 
#   44 | steps:  1326 | steps_t: 23473 | t: 161.078290 | r:  -509.000000 | e:   0.100000 | Q: -64.224106 | won: False 
#   45 | steps:  1346 | steps_t: 23473 | t: 164.530205 | r:  -508.000000 | e:   0.100000 | Q: -14.403096 | won: False 
#   46 | steps:  1360 | steps_t: 23473 | t: 167.254681 | r:  -513.000000 | e:   0.100000 | Q: -64.556351 | won: False 
#   47 | steps:  1386 | steps_t: 23473 | t: 171.462854 | r:  -514.000000 | e:   0.100000 | Q: -53.188736 | won: False 
#   48 | steps:  1408 | steps_t: 23473 | t: 175.171594 | r:  -510.000000 | e:   0.100000 | Q: -53.188736 | won: False 
#   49 | steps:  1422 | steps_t: 23473 | t: 177.891392 | r:  -513.000000 | e:   0.100000 | Q: -53.188736 | won: False 
#   50 | steps:  1453 | steps_t: 23473 | t: 182.804748 | r:  -519.000000 | e:   0.100000 | Q:   1.806445 | won: False 
