#    1 | steps:    30 | steps_t: 23473 | t: 3.509458 | r:    82.000000 | e:   0.100000 | Q: -36.204693 | won: True 
#    2 | steps:    68 | steps_t: 23473 | t: 3.559021 | r:  -526.000000 | e:   0.100000 | Q: -64.224106 | won: False 
#    3 | steps:    97 | steps_t: 23473 | t: 3.598036 | r:  -517.000000 | e:   0.100000 | Q: -36.204693 | won: False 
#    4 | steps:   127 | steps_t: 23473 | t: 3.642714 | r:  -529.000000 | e:   0.100000 | Q:  14.750701 | won: False 
#    5 | steps:   199 | steps_t: 23473 | t: 3.739009 | r:  -560.000000 | e:   0.100000 | Q:   9.655622 | won: False 
#    6 | steps:   241 | steps_t: 23473 | t: 3.802196 | r:    70.000000 | e:   0.100000 | Q:   7.963009 | won: True 
#    7 | steps:   287 | steps_t: 23473 | t: 3.884702 | r:    66.000000 | e:   0.100000 | Q:  40.091724 | won: True 
#    8 | steps:   315 | steps_t: 23473 | t: 3.922876 | r:  -516.000000 | e:   0.100000 | Q: -14.403096 | won: False 
#    9 | steps:   337 | steps_t: 23473 | t: 3.947091 | r:  -510.000000 | e:   0.100000 | Q: -14.403096 | won: False 
#   10 | steps:   361 | steps_t: 23473 | t: 3.976842 | r:  -512.000000 | e:   0.100000 | Q:  -7.992436 | won: False 
#   11 | steps:   388 | steps_t: 23473 | t: 7.501976 | r:  -515.000000 | e:   0.100000 | Q:  -7.992436 | won: False 
#   12 | steps:   442 | steps_t: 23473 | t: 15.218022 | r:  -553.000000 | e:   0.100000 | Q:  14.750701 | won: False 
#   13 | steps:   470 | steps_t: 23473 | t: 19.591794 | r:  -516.000000 | e:   0.100000 | Q:   1.806445 | won: False 
#   14 | steps:   500 | steps_t: 23473 | t: 24.012512 | r:    82.000000 | e:   0.100000 | Q: -36.204693 | won: True 
#   15 | steps:   520 | steps_t: 23473 | t: 27.400468 | r:  -508.000000 | e:   0.100000 | Q:   1.806445 | won: False 
#   16 | steps:   534 | steps_t: 23473 | t: 30.085037 | r:  -513.000000 | e:   0.100000 | Q: -53.188736 | won: False 
#   17 | steps:   564 | steps_t: 23473 | t: 34.548388 | r:  -518.000000 | e:   0.100000 | Q:   1.806445 | won: False 
#   18 | steps:   588 | steps_t: 23473 | t: 38.345854 | r:  -512.000000 | e:   0.100000 | Q: -23.808662 | won: False 
#   19 | steps:   618 | steps_t: 23473 | t: 42.940523 | r:  -518.000000 | e:   0.100000 | Q: -53.188736 | won: False 
#   20 | steps:   663 | steps_t: 23473 | t: 49.147383 | r:    67.000000 | e:   0.100000 | Q: -64.224106 | won: True 
#   21 | steps:   709 | steps_t: 23473 | t: 55.624917 | r:    66.000000 | e:   0.100000 | Q: -36.204693 | won: True 
#   22 | steps:   743 | steps_t: 23473 | t: 60.583516 | r:  -533.000000 | e:   0.100000 | Q:  14.750701 | won: False 
#   23 | steps:   829 | steps_t: 23473 | t: 71.707880 | r:    26.000000 | e:   0.100000 | Q:  14.750701 | won: True 
#   24 | steps:   874 | steps_t: 23473 | t: 78.034288 | r:  -533.000000 | e:   0.100000 | Q: -36.204693 | won: False 
#   25 | steps:   896 | steps_t: 23473 | t: 81.693160 | r:  -510.000000 | e:   0.100000 | Q: -53.188736 | won: False 
#   26 | steps:   918 | steps_t: 23473 | t: 85.271467 | r:  -510.000000 | e:   0.100000 | Q: -53.188736 | won: False 
#   27 | steps:   936 | steps_t: 23473 | t: 88.423853 | r:  -517.000000 | e:   0.100000 | Q: -76.377289 | won: False 
#   28 | steps:   962 | steps_t: 23473 | t: 92.475742 | r:  -514.000000 | e:   0.100000 | Q:   1.806445 | won: False 
#   29 | steps:   989 | steps_t: 23473 | t: 96.658234 | r:  -515.000000 | e:   0.100000 | Q:   1.806445 | won: False 
#   30 | steps:  1019 | steps_t: 23473 | t: 101.239684 | r:    82.000000 | e:   0.100000 | Q: -36.204693 | won: True 
#   31 | steps:  1039 | steps_t: 23473 | t: 104.616333 | r:  -508.000000 | e:   0.100000 | Q: -76.377289 | won: False 
#   32 | steps:  1053 | steps_t: 23473 | t: 107.374619 | r:  -513.000000 | e:   0.100000 | Q: -64.224106 | won: False 
#   33 | steps:  1067 | steps_t: 23473 | t: 110.035729 | r:  -513.000000 | e:   0.100000 | Q: -70.727219 | won: False 
#   34 | steps:  1085 | steps_t: 23473 | t: 113.190730 | r:  -506.000000 | e:   0.100000 | Q: -57.008850 | won: False 
#   35 | steps:  1113 | steps_t: 23473 | t: 117.564226 | r:  -516.000000 | e:   0.100000 | Q:   1.806445 | won: False 
#   36 | steps:  1128 | steps_t: 23473 | t: 120.388233 | r:  -503.000000 | e:   0.100000 | Q: -64.224106 | won: False 
#   37 | steps:  1142 | steps_t: 23473 | t: 123.131768 | r:  -513.000000 | e:   0.100000 | Q: -53.188736 | won: False 
#   38 | steps:  1158 | steps_t: 23473 | t: 126.083595 | r:  -504.000000 | e:   0.100000 | Q: -96.574005 | won: False 
#   39 | steps:  1194 | steps_t: 23473 | t: 131.643504 | r:  -524.000000 | e:   0.100000 | Q:   1.806445 | won: False 
#   40 | steps:  1226 | steps_t: 23473 | t: 136.632001 | r:  -520.000000 | e:   0.100000 | Q:   1.806445 | won: False 
#   41 | steps:  1262 | steps_t: 23473 | t: 142.066680 | r:  -535.000000 | e:   0.100000 | Q:  14.750701 | won: False 
#   42 | steps:  1296 | steps_t: 23473 | t: 147.282498 | r:    78.000000 | e:   0.100000 | Q: -53.188736 | won: True 
#   43 | steps:  1306 | steps_t: 23473 | t: 149.516453 | r:  -509.000000 | e:   0.100000 | Q: -53.188736 | won: False 
#   44 | steps:  1340 | steps_t: 23473 | t: 154.734508 | r:    78.000000 | e:   0.100000 | Q: -36.204693 | won: True 
#   45 | steps:  1374 | steps_t: 23473 | t: 159.923385 | r:    78.000000 | e:   0.100000 | Q: -53.188736 | won: True 
#   46 | steps:  1394 | steps_t: 23473 | t: 163.423021 | r:  -508.000000 | e:   0.100000 | Q: -53.188736 | won: False 
#   47 | steps:  1430 | steps_t: 23473 | t: 168.859717 | r:  -535.000000 | e:   0.100000 | Q:   4.561041 | won: False 
#   48 | steps:  1481 | steps_t: 23473 | t: 176.191504 | r:  -539.000000 | e:   0.100000 | Q:  22.376570 | won: False 
#   49 | steps:  1525 | steps_t: 23473 | t: 182.620544 | r:  -532.000000 | e:   0.100000 | Q:  14.750701 | won: False 
#   50 | steps:  1567 | steps_t: 23473 | t: 188.835325 | r:    70.000000 | e:   0.100000 | Q:   1.608842 | won: True 
