#    1 | steps:    34 | steps_t: 23473 | t: 0.789788 | r:    78.000000 | e:   0.100000 | Q: -36.204693 | won: True 
#    2 | steps:    53 | steps_t: 23473 | t: 0.812947 | r:  -507.000000 | e:   0.100000 | Q: -53.188736 | won: False 
#    3 | steps:    68 | steps_t: 23473 | t: 0.830936 | r:  -503.000000 | e:   0.100000 | Q: -53.188736 | won: False 
#    4 | steps:   114 | steps_t: 23473 | t: 0.889236 | r:    66.000000 | e:   0.100000 | Q: -36.204693 | won: True 
#    5 | steps:   148 | steps_t: 23473 | t: 0.935117 | r:    78.000000 | e:   0.100000 | Q: -36.204693 | won: True 
#    6 | steps:   171 | steps_t: 23473 | t: 0.963668 | r:  -511.000000 | e:   0.100000 | Q: -38.179100 | won: False 
#    7 | steps:   201 | steps_t: 23473 | t: 1.002821 | r:  -529.000000 | e:   0.100000 | Q: -64.224106 | won: False 
#    8 | steps:   221 | steps_t: 23473 | t: 1.029864 | r:  -508.000000 | e:   0.100000 | Q: -53.188736 | won: False 
#    9 | steps:   245 | steps_t: 23473 | t: 1.060856 | r:  -512.000000 | e:   0.100000 | Q:   1.806445 | won: False 
#   10 | steps:   290 | steps_t: 23473 | t: 1.115290 | r:    67.000000 | e:   0.100000 | Q: -64.224106 | won: True 
#   11 | steps:   320 | steps_t: 23473 | t: 4.784942 | r:  -518.000000 | e:   0.100000 | Q: -14.403096 | won: False 
#   12 | steps:   335 | steps_t: 23473 | t: 7.659542 | r:  -492.000000 | e:   0.100000 | Q: -53.188736 | won: False 
#   13 | steps:   381 | steps_t: 23473 | t: 14.369322 | r:    66.000000 | e:   0.100000 | Q: -36.204693 | won: True 
#   14 | steps:   423 | steps_t: 23473 | t: 20.590910 | r:    70.000000 | e:   0.100000 | Q:   1.608842 | won: True 
#   15 | steps:   453 | steps_t: 23473 | t: 25.304548 | r:  -529.000000 | e:   0.100000 | Q: -64.224106 | won: False 
#   16 | steps:   473 | steps_t: 23473 | t: 28.755410 | r:  -508.000000 | e:   0.100000 | Q: -53.188736 | won: False 
#   17 | steps:   543 | steps_t: 23473 | t: 38.470277 | r:    42.000000 | e:   0.100000 | Q:  14.750701 | won: True 
#   18 | steps:   569 | steps_t: 23473 | t: 42.677998 | r:  -514.000000 | e:   0.100000 | Q:   1.806445 | won: False 
#   19 | steps:   605 | steps_t: 23473 | t: 48.160181 | r:  -524.000000 | e:   0.100000 | Q: -14.403096 | won: False 
#   20 | steps:   647 | steps_t: 23473 | t: 54.367660 | r:    70.000000 | e:   0.100000 | Q: -36.204693 | won: True 
#   21 | steps:   661 | steps_t: 23473 | t: 57.074689 | r:  -513.000000 | e:   0.100000 | Q: -53.188736 | won: False 
#   22 | steps:   688 | steps_t: 23473 | t: 61.479831 | r:  -504.000000 | e:   0.100000 | Q: -64.224106 | won: False 
#   23 | steps:   730 | steps_t: 23473 | t: 67.736307 | r:    70.000000 | e:   0.100000 | Q:  22.376570 | won: True 
#   24 | steps:   760 | steps_t: 23473 | t: 72.441085 | r:    82.000000 | e:   0.100000 | Q: -36.204693 | won: True 
#   25 | steps:   793 | steps_t: 23473 | t: 77.476717 | r:    79.000000 | e:   0.100000 | Q: -53.188736 | won: True 
#   26 | steps:   816 | steps_t: 23473 | t: 81.330218 | r:  -511.000000 | e:   0.100000 | Q: -53.188736 | won: False 
#   27 | steps:   836 | steps_t: 23473 | t: 84.807281 | r:  -508.000000 | e:   0.100000 | Q: -64.224106 | won: False 
#   28 | steps:   895 | steps_t: 23473 | t: 93.058646 | r:  -547.000000 | e:   0.100000 | Q: -46.551651 | won: False 
#   29 | steps:   941 | steps_t: 23473 | t: 99.795219 | r:  -534.000000 | e:   0.100000 | Q:  14.750701 | won: False 
#   30 | steps:   952 | steps_t: 23473 | t: 102.129906 | r:  -510.000000 | e:   0.100000 | Q: -53.188736 | won: False 
#   31 | steps:   998 | steps_t: 23473 | t: 108.861387 | r:    66.000000 | e:   0.100000 | Q:   7.963009 | won: True 
#   32 | steps:  1025 | steps_t: 23473 | t: 113.178500 | r:  -504.000000 | e:   0.100000 | Q: -64.224106 | won: False 
#   33 | steps:  1077 | steps_t: 23473 | t: 120.660894 | r:  -540.000000 | e:   0.100000 | Q:   9.655622 | won: False 
#   34 | steps:  1119 | steps_t: 23473 | t: 126.838510 | r:    70.000000 | e:   0.100000 | Q:  23.434656 | won: True 
#   35 | steps:  1153 | steps_t: 23473 | t: 132.053667 | r:    78.000000 | e:   0.100000 | Q: -36.204693 | won: True 
#   36 | steps:  1183 | steps_t: 23473 | t: 136.836119 | r:    82.000000 | e:   0.100000 | Q: -36.204693 | won: True 
#   37 | steps:  1212 | steps_t: 23473 | t: 141.456045 | r:  -517.000000 | e:   0.100000 | Q: -36.204693 | won: False 
#   38 | steps:  1238 | steps_t: 23473 | t: 145.647462 | r:  -525.000000 | e:   0.100000 | Q: -73.870331 | won: False 
#   39 | steps:  1268 | steps_t: 23473 | t: 150.350637 | r:  -518.000000 | e:   0.100000 | Q:   1.806445 | won: False 
#   40 | steps:  1296 | steps_t: 23473 | t: 154.824923 | r:  -516.000000 | e:   0.100000 | Q: -14.403096 | won: False 
#   41 | steps:  1330 | steps_t: 23473 | t: 160.077361 | r:    78.000000 | e:   0.100000 | Q: -64.556351 | won: True 
#   42 | steps:  1350 | steps_t: 23473 | t: 163.605624 | r:  -508.000000 | e:   0.100000 | Q: -53.188736 | won: False 
#   43 | steps:  1372 | steps_t: 23473 | t: 167.370901 | r:  -521.000000 | e:   0.100000 | Q: -64.224106 | won: False 
#   44 | steps:  1417 | steps_t: 23473 | t: 173.979151 | r:  -533.000000 | e:   0.100000 | Q: -64.224106 | won: False 
#   45 | steps:  1447 | steps_t: 23473 | t: 178.670227 | r:    82.000000 | e:   0.100000 | Q: -36.204693 | won: True 
#   46 | steps:  1493 | steps_t: 23473 | t: 185.464074 | r:    66.000000 | e:   0.100000 | Q:   1.806445 | won: True 
#   47 | steps:  1508 | steps_t: 23473 | t: 188.337154 | r:  -492.000000 | e:   0.100000 | Q: -53.188736 | won: False 
#   48 | steps:  1581 | steps_t: 23473 | t: 198.379957 | r:    39.000000 | e:   0.100000 | Q:  14.750701 | won: True 
#   49 | steps:  1623 | steps_t: 23473 | t: 204.600354 | r:    70.000000 | e:   0.100000 | Q:   7.963009 | won: True 
#   50 | steps:  1653 | steps_t: 23473 | t: 209.279105 | r:    82.000000 | e:   0.100000 | Q: -36.204693 | won: True 
