#    1 | steps:    30 | steps_t: 23473 | t: 1.555926 | r:  -529.000000 | e:   0.100000 | Q:  14.750701 | won: False 
#    2 | steps:    52 | steps_t: 23473 | t: 1.585657 | r:    90.000000 | e:   0.100000 | Q:  -7.992436 | won: True 
#    3 | steps:    84 | steps_t: 23473 | t: 1.626859 | r:  -520.000000 | e:   0.100000 | Q:   1.806445 | won: False 
#    4 | steps:   106 | steps_t: 23473 | t: 1.657183 | r:  -510.000000 | e:   0.100000 | Q:   1.806445 | won: False 
#    5 | steps:   148 | steps_t: 23473 | t: 1.711569 | r:    70.000000 | e:   0.100000 | Q:  23.434656 | won: True 
#    6 | steps:   178 | steps_t: 23473 | t: 1.750912 | r:    82.000000 | e:   0.100000 | Q: -38.179100 | won: True 
#    7 | steps:   214 | steps_t: 23473 | t: 1.793797 | r:  -524.000000 | e:   0.100000 | Q:  22.376570 | won: False 
#    8 | steps:   232 | steps_t: 23473 | t: 1.813501 | r:  -506.000000 | e:   0.100000 | Q: -57.008850 | won: False 
#    9 | steps:   278 | steps_t: 23473 | t: 1.869972 | r:  -534.000000 | e:   0.100000 | Q:   7.963009 | won: False 
#   10 | steps:   306 | steps_t: 23473 | t: 1.906712 | r:  -516.000000 | e:   0.100000 | Q:  -7.992436 | won: False 
#   11 | steps:   332 | steps_t: 23473 | t: 5.088033 | r:  -514.000000 | e:   0.100000 | Q:   1.806445 | won: False 
#   12 | steps:   345 | steps_t: 23473 | t: 7.618087 | r:  -512.000000 | e:   0.100000 | Q: -64.224106 | won: False 
#   13 | steps:   366 | steps_t: 23473 | t: 11.187109 | r:  -520.000000 | e:   0.100000 | Q: -53.188736 | won: False 
#   14 | steps:   388 | steps_t: 23473 | t: 14.875684 | r:  -510.000000 | e:   0.100000 | Q: -53.188736 | won: False 
#   15 | steps:   403 | steps_t: 23473 | t: 17.707406 | r:  -503.000000 | e:   0.100000 | Q: -76.377289 | won: False 
#   16 | steps:   427 | steps_t: 23473 | t: 21.652423 | r:  -512.000000 | e:   0.100000 | Q: -38.179100 | won: False 
#   17 | steps:   453 | steps_t: 23473 | t: 25.897113 | r:  -525.000000 | e:   0.100000 | Q: -64.224106 | won: False 
#   18 | steps:   479 | steps_t: 23473 | t: 30.146160 | r:  -514.000000 | e:   0.100000 | Q:   1.806445 | won: False 
#   19 | steps:   501 | steps_t: 23473 | t: 33.860107 | r:  -510.000000 | e:   0.100000 | Q: -53.188736 | won: False 
#   20 | steps:   529 | steps_t: 23473 | t: 38.332263 | r:  -516.000000 | e:   0.100000 | Q:   1.806445 | won: False 
#   21 | steps:   540 | steps_t: 23473 | t: 40.654525 | r:  -510.000000 | e:   0.100000 | Q: -64.556351 | won: False 
#   22 | steps:   566 | steps_t: 23473 | t: 44.890839 | r:    86.000000 | e:   0.100000 | Q:  22.376570 | won: True 
#   23 | steps:   587 | steps_t: 23473 | t: 48.425685 | r:  -520.000000 | e:   0.100000 | Q: -53.188736 | won: False 
#   24 | steps:   607 | steps_t: 23473 | t: 51.891451 | r:  -508.000000 | e:   0.100000 | Q: -53.188736 | won: False 
#   25 | steps:   649 | steps_t: 23473 | t: 58.082676 | r:    70.000000 | e:   0.100000 | Q:   7.963009 | won: True 
#   26 | steps:   673 | steps_t: 23473 | t: 62.030963 | r:  -512.000000 | e:   0.100000 | Q: -53.188736 | won: False 
#   27 | steps:   684 | steps_t: 23473 | t: 64.368901 | r:  -510.000000 | e:   0.100000 | Q: -96.574005 | won: False 
#   28 | steps:   716 | steps_t: 23473 | t: 69.365757 | r:  -520.000000 | e:   0.100000 | Q:   1.806445 | won: False 
#   29 | steps:   731 | steps_t: 23473 | t: 72.200938 | r:  -492.000000 | e:   0.100000 | Q: -53.188736 | won: False 
#   30 | steps:   749 | steps_t: 23473 | t: 75.412967 | r:  -517.000000 | e:   0.100000 | Q: -53.188736 | won: False 
#   31 | steps:   781 | steps_t: 23473 | t: 80.362379 | r:  -520.000000 | e:   0.100000 | Q:  -7.992436 | won: False 
#   32 | steps:   804 | steps_t: 23473 | t: 84.243605 | r:  -522.000000 | e:   0.100000 | Q: -64.556351 | won: False 
#   33 | steps:   836 | steps_t: 23473 | t: 89.245532 | r:  -520.000000 | e:   0.100000 | Q: -64.224106 | won: False 
#   34 | steps:   866 | steps_t: 23473 | t: 94.036641 | r:    82.000000 | e:   0.100000 | Q: -36.204693 | won: True 
#   35 | steps:   900 | steps_t: 23473 | t: 99.285758 | r:    78.000000 | e:   0.100000 | Q: -53.188736 | won: True 
#   36 | steps:   928 | steps_t: 23473 | t: 103.792454 | r:  -516.000000 | e:   0.100000 | Q:   1.806445 | won: False 
#   37 | steps:   942 | steps_t: 23473 | t: 106.502837 | r:  -502.000000 | e:   0.100000 | Q: -64.370232 | won: False 
#   38 | steps:   955 | steps_t: 23473 | t: 109.087076 | r:  -512.000000 | e:   0.100000 | Q: -53.188736 | won: False 
#   39 | steps:   987 | steps_t: 23473 | t: 114.075157 | r:  -520.000000 | e:   0.100000 | Q:   1.806445 | won: False 
#   40 | steps:  1019 | steps_t: 23473 | t: 119.082126 | r:  -520.000000 | e:   0.100000 | Q: -36.204693 | won: False 
#   41 | steps:  1079 | steps_t: 23473 | t: 127.494828 | r:  -548.000000 | e:   0.100000 | Q:  14.750701 | won: False 
#   42 | steps:  1108 | steps_t: 23473 | t: 132.076525 | r:  -517.000000 | e:   0.100000 | Q: -40.624992 | won: False 
#   43 | steps:  1153 | steps_t: 23473 | t: 138.670322 | r:  -533.000000 | e:   0.100000 | Q:  23.434656 | won: False 
#   44 | steps:  1180 | steps_t: 23473 | t: 143.010288 | r:  -515.000000 | e:   0.100000 | Q: -64.224106 | won: False 
#   45 | steps:  1195 | steps_t: 23473 | t: 145.850837 | r:  -503.000000 | e:   0.100000 | Q: -53.188736 | won: False 
#   46 | steps:  1259 | steps_t: 23473 | t: 154.776284 | r:  -552.000000 | e:   0.100000 | Q:  14.750701 | won: False 
#   47 | steps:  1267 | steps_t: 23473 | t: 156.743860 | r:  -507.000000 | e:   0.100000 | Q: -53.188736 | won: False 
#   48 | steps:  1294 | steps_t: 23473 | t: 161.130494 | r:  -515.000000 | e:   0.100000 | Q: -36.204693 | won: False 
#   49 | steps:  1323 | steps_t: 23473 | t: 165.704480 | r:  -517.000000 | e:   0.100000 | Q: -36.204693 | won: False 
#   50 | steps:  1365 | steps_t: 23473 | t: 171.905001 | r:    70.000000 | e:   0.100000 | Q:  22.376570 | won: True 
